Mplus VERSION 8.4 (Linux)
MUTHEN & MUTHEN
06/30/2020   4:24 PM

INPUT INSTRUCTIONS

  TITLE: Zero Inflated IRT model with 3 latent classes: A zero inflated class
  (non-pathological) and pathological group. Including 19 items.

  DATA: FILE = "cidi.dat";
  VARIABLE:
  NAMES = PK SEX AgeCat C1rec C2rec C3rec C4rec C5rec C6rec C11rec C17rec C18rec
       C19rec C20rec C22rec C24rec C25Arec C27rec C29rec C34rec C35rec C36rec C37rec
       C39rec C40rec C41rec;
  MISSING=.;
  USEVARIABLES = C1rec C2rec C3rec C4rec C5rec C6rec C11rec C17rec
       C19rec C20rec C22rec C24rec C25Arec C29rec C34rec C35rec
       C36rec C40rec C41rec;
  ! By defining the variables as categorical, Mplus estimates an IRT model.
  ! Depending ont he estimation method it will be a probit or a logit 2pl.
  ! Bayes and WLS is probit, ML is logit.
  CATEGORICAL = C1rec C2rec C3rec C4rec C5rec C6rec C11rec C17rec
       C19rec C20rec C22rec C24rec C25Arec C29rec C34rec C35rec
       C36rec C40rec C41rec;
  CLASSES = c(3);

  ANALYSIS:
  ESTIMATOR = MLR;
  TYPE = MIXTURE;
  ALGORITHM = INTEGRATION;
  ! ODLL is needed because of the model constraint command.
  ALGORITHM = ODLL;
  STARTS = 400 40; ! Number of random sets of starting values.
  STSEED = 2020; ! Seed to generate the random sets of starting values.
  !PROCESSORS = 8 4; ! Processors for parallel computing.

  MODEL:
  %OVERALL%
  ! Create latent continuous variable theta (Severity of symptoms)
  theta BY C1rec* C2rec C3rec C4rec C5rec C6rec C11rec C17rec (alpha1-alpha8)
       C19rec C20rec C22rec C24rec C25Arec (alpha9-alpha13)
       C29rec C34rec C35rec C36rec C40rec (alpha14-alpha18)
       C41rec (alpha19);
  [C1rec$1* C2rec$1 C3rec$1 C4rec$1 C5rec$1 C6rec$1 C11rec$1] (tau1-tau7);
  [C17rec$1 C19rec$1 C20rec$1 C22rec$1 C24rec$1] (tau8-tau12);
  [C25Arec$1 C29rec$1 C34rec$1 C35rec$1 C36rec$1] (tau13-tau17);
  [C40rec$1 C41rec$1] (tau18-tau19);

  ! Give name(s) to the logit of the class probabilities for use in model constraint.
  [c#1] (logitp1);
  [c#2] (logitp2);

  %c#1% ! First class: zero inflated non-pathological group.
  ! Fix variance of the latent trait to be zero.
  theta@0;
  ! Fix mean of the latent trait to be -100.
  [theta@-100];

  ! Fix discrimination and severity parameters so they are not estimated
  ! for the non-pathological group.
  theta BY C1rec@1 C2rec@1 C3rec@1 C4rec@1 C5rec@1 C6rec@1 C11rec@1 C17rec@1
           C19rec@1 C20rec@1 C22rec@1 C24rec@1 C25Arec@1
           C29rec@1 C34rec@1 C35rec@1 C36rec@1 C40rec@1
           C41rec@1;
  [C1rec$1@1 C2rec$1@1 C3rec$1@1 C4rec$1@1 C5rec$1@1 C6rec$1@1
       C11rec$1@1 C17rec$1@1 C19rec$1@1 C20rec$1@1
       C22rec$1@1 C24rec$1@1 C25Arec$1@1 C29rec$1@1
       C34rec$1@1 C35rec$1@1 C36rec$1@1
       C40rec$1@1 C41rec$1@1];

  ! Use a mixture of normals to approximate the latent trait.
  ! If multiple pathological classes are used, constrain the variance across
  ! classes but allow means to differ.
  %c#2% ! Second class: pathological group 1.
  theta* (phi);
  [theta*] (m2);

  %c#3% ! Third class: pathological group 2.
  theta* (phi);
  [theta*] (m3);

  ! Compute new parameters and reparameterize severity parameters.
  MODEL CONSTRAINT:
  NEW(pi1, pi2, pi3, beta1-beta19);

  ! Backtransform to the probability scale for class probabilities
  pi1 = exp(logitp1)/(1 + exp(logitp1) + exp(logitp2));
  pi2 = exp(logitp2)/(1 + exp(logitp1) + exp(logitp2));
  pi3 = 1 - pi1 - pi2;

  !for identification fix marginal mean and variance of the latent trait
  !across the non-zero components to be 0 and 1, respectively.
  !marginal mean = 0 = (pi2*m2 + pi3*m3)/(pi2+pi3);
  !marginal variance = 1 = (pi2/(pi2+pi3))*(phi + m2*m2) +
  ! (pi3/(pi2+pi3))*(phi + m3*m3) – (marginal mean)^2;
  !These constraints reduce to the following:
  m2 = -exp(-logitp2)*m3;
  phi = 1 - (pi2/(pi2+pi3))*(m2*m2) - (pi3/(pi2+pi3))*(m3*m3);

  ! Mplus parameterizes logit(Prob) = -tau + alpha*theta, so need to scale
  ! intercepts tau by alpha to get severities beta
  DO(1, 19) beta# = tau#/alpha#;

  OUTPUT: TECH8;

  PLOT:
  TYPE IS PLOT2;




INPUT READING TERMINATED NORMALLY



Zero Inflated IRT model with 3 latent classes: A zero inflated class
(non-pathological) and pathological group. Including 19 items.

SUMMARY OF ANALYSIS

Number of groups                                                 1
Number of observations                                         962

Number of dependent variables                                   19
Number of independent variables                                  0
Number of continuous latent variables                            1
Number of categorical latent variables                           1

Observed dependent variables

  Binary and ordered categorical (ordinal)
   C1REC       C2REC       C3REC       C4REC       C5REC       C6REC
   C11REC      C17REC      C19REC      C20REC      C22REC      C24REC
   C25AREC     C29REC      C34REC      C35REC      C36REC      C40REC
   C41REC

Continuous latent variables
   THETA

Categorical latent variables
   C


Estimator                                                      MLR
Information matrix                                        OBSERVED
Optimization Specifications for the Quasi-Newton Algorithm for
Continuous Outcomes
  Maximum number of iterations                                1000
  Convergence criterion                                  0.100D-05
Optimization Specifications for the EM Algorithm
  Maximum number of iterations                                 500
  Convergence criteria
    Loglikelihood change                                 0.100D-02
    Relative loglikelihood change                        0.100D-05
    Derivative                                           0.100D-02
Optimization Specifications for the M step of the EM Algorithm for
Categorical Latent variables
  Number of M step iterations                                    1
  M step convergence criterion                           0.100D-02
  Basis for M step termination                           ITERATION
Optimization Specifications for the M step of the EM Algorithm for
Censored, Binary or Ordered Categorical (Ordinal), Unordered
Categorical (Nominal) and Count Outcomes
  Number of M step iterations                                    1
  M step convergence criterion                           0.100D-02
  Basis for M step termination                           ITERATION
  Maximum value for logit thresholds                            15
  Minimum value for logit thresholds                           -15
  Minimum expected cell size for chi-square              0.100D-01
Maximum number of iterations for H1                           2000
Convergence criterion for H1                             0.100D-03
Optimization algorithm                                        ODLL
Integration Specifications
  Type                                                    STANDARD
  Number of integration points                                  15
  Dimensions of numerical integration                            1
  Adaptive quadrature                                           ON
Random Starts Specifications
  Number of initial stage random starts                        400
  Number of final stage optimizations                           40
  Number of initial stage iterations                            10
  Initial stage convergence criterion                    0.100D+01
  Random starts scale                                    0.500D+01
  Random seed for generating random starts                    2020
Link                                                         LOGIT
Cholesky                                                        ON

Input data file(s)
  sidi.dat
Input data format  FREE


SUMMARY OF DATA

     Number of missing data patterns             1
     Number of y missing data patterns           0
     Number of u missing data patterns           1


COVARIANCE COVERAGE OF DATA

Minimum covariance coverage value   0.100


UNIVARIATE PROPORTIONS AND COUNTS FOR CATEGORICAL VARIABLES

    C1REC
      Category 1    0.918          883.000
      Category 2    0.082           79.000
    C2REC
      Category 1    0.893          859.000
      Category 2    0.107          103.000
    C3REC
      Category 1    0.878          845.000
      Category 2    0.122          117.000
    C4REC
      Category 1    0.897          863.000
      Category 2    0.103           99.000
    C5REC
      Category 1    0.951          915.000
      Category 2    0.049           47.000
    C6REC
      Category 1    0.894          860.000
      Category 2    0.106          102.000
    C11REC
      Category 1    0.962          925.000
      Category 2    0.038           37.000
    C17REC
      Category 1    0.986          949.000
      Category 2    0.014           13.000
    C19REC
      Category 1    0.953          917.000
      Category 2    0.047           45.000
    C20REC
      Category 1    0.976          939.000
      Category 2    0.024           23.000
    C22REC
      Category 1    0.971          934.000
      Category 2    0.029           28.000
    C24REC
      Category 1    0.970          933.000
      Category 2    0.030           29.000
    C25AREC
      Category 1    0.963          926.000
      Category 2    0.037           36.000
    C29REC
      Category 1    0.927          892.000
      Category 2    0.073           70.000
    C34REC
      Category 1    0.986          949.000
      Category 2    0.014           13.000
    C35REC
      Category 1    0.974          937.000
      Category 2    0.026           25.000
    C36REC
      Category 1    0.978          941.000
      Category 2    0.022           21.000
    C40REC
      Category 1    0.972          935.000
      Category 2    0.028           27.000
    C41REC
      Category 1    0.952          916.000
      Category 2    0.048           46.000


RANDOM STARTS RESULTS RANKED FROM THE BEST TO THE WORST LOGLIKELIHOOD VALUES

293 perturbed starting value run(s) did not converge in the initial stage
optimizations.

Final stage loglikelihood values at local maxima, seeds, and initial stage start numbers:

           -3257.009  559167           151
           -3257.019  250885           224
           -3257.037  890460           133
           -3257.047  260961           258
           -3257.540  79097            145
           -3257.566  73197            139
           -3257.592  319993           355
           -3257.635  814429           269
           -3257.648  141851           233
           -3257.668  399419           376
           -3257.721  125727           370
           -3257.748  450595           250
           -3257.755  50461            136
           -3257.759  579225           128
           -3257.790  752719           239
           -3257.883  313205           135
           -3257.930  246949           8
           -3257.962  999923           88
           -3258.006  905281           246
           -3258.035  634833           334
           -3258.040  481925           33
           -3258.041  unperturbed      0
           -3258.070  518811           95
           -3258.088  856935           388
           -3258.151  455927           390
           -3258.174  61949            293
           -3258.272  701409           28
           -3258.282  318997           288
           -3258.557  893899           1
           -3259.531  533220           83
           -3261.367  112159           286
           -3261.982  70171            141
           -3265.151  374299           304
           -3359.414  873350           120
           -3970.699  967535           189

5 perturbed starting value run(s) did not converge or were rejected in the third stage.



THE BEST LOGLIKELIHOOD VALUE HAS BEEN REPLICATED.  RERUN WITH AT LEAST TWICE THE
RANDOM STARTS TO CHECK THAT THE BEST LOGLIKELIHOOD IS STILL OBTAINED AND REPLICATED.

     WARNING: THE MODEL ESTIMATION HAS REACHED A SADDLE POINT OR A POINT WHERE THE
     OBSERVED AND THE EXPECTED INFORMATION MATRICES DO NOT MATCH.
     AN ADJUSTMENT TO THE ESTIMATION OF THE INFORMATION MATRIX HAS BEEN MADE.
     THE CONDITION NUMBER IS      -0.985D-05.
     THE PROBLEM MAY ALSO BE RESOLVED BY DECREASING THE VALUE OF THE
     MCONVERGENCE OR LOGCRITERION OPTIONS OR BY CHANGING THE STARTING VALUES
     OR BY INCREASING THE NUMBER OF INTEGRATION POINTS OR BY USING THE MLF ESTIMATOR.


THE MODEL ESTIMATION TERMINATED NORMALLY

     THE CHI-SQUARE TEST CANNOT BE COMPUTED BECAUSE THE FREQUENCY TABLE FOR THE
     LATENT CLASS INDICATOR MODEL PART IS TOO LARGE.




MODEL FIT INFORMATION

Number of Free Parameters                       41

Loglikelihood

          H0 Value                       -3257.009
          H0 Scaling Correction Factor      0.9974
            for MLR

Information Criteria

          Akaike (AIC)                    6596.017
          Bayesian (BIC)                  6795.647
          Sample-Size Adjusted BIC        6665.432
            (n* = (n + 2) / 24)



FINAL CLASS COUNTS AND PROPORTIONS FOR THE LATENT CLASSES
BASED ON THE ESTIMATED MODEL

    Latent
   Classes

       1        108.42898          0.11271
       2         58.22771          0.06053
       3        795.34331          0.82676


FINAL CLASS COUNTS AND PROPORTIONS FOR THE LATENT CLASSES
BASED ON ESTIMATED POSTERIOR PROBABILITIES

    Latent
   Classes

       1        108.42775          0.11271
       2         58.22774          0.06053
       3        795.34451          0.82676


FINAL CLASS COUNTS AND PROPORTIONS FOR THE LATENT CLASSES
BASED ON THEIR MOST LIKELY LATENT CLASS MEMBERSHIP

Class Counts and Proportions

    Latent
   Classes

       1                0          0.00000
       2               26          0.02703
       3              936          0.97297


CLASSIFICATION QUALITY

     Entropy                         0.618


Classification Probabilities for the Most Likely Latent Class Membership (Column)
by Latent Class (Row)

           1        2        3

    1   0.000    0.000    1.000
    2   0.000    0.328    0.672
    3   0.000    0.009    0.991


Logits for the Classification Probabilities for the Most Likely Latent Class Membership (Column)
by Latent Class (Row)

              1        2        3

    1    -13.816  -13.816    0.000
    2    -13.419   -0.719    0.000
    3    -13.807   -4.735    0.000


MODEL RESULTS

                                                    Two-Tailed
                    Estimate       S.E.  Est./S.E.    P-Value

Latent Class 1

 THETA    BY
    C1REC              1.000      0.000    999.000    999.000
    C2REC              1.000      0.000    999.000    999.000
    C3REC              1.000      0.000    999.000    999.000
    C4REC              1.000      0.000    999.000    999.000
    C5REC              1.000      0.000    999.000    999.000
    C6REC              1.000      0.000    999.000    999.000
    C11REC             1.000      0.000    999.000    999.000
    C17REC             1.000      0.000    999.000    999.000
    C19REC             1.000      0.000    999.000    999.000
    C20REC             1.000      0.000    999.000    999.000
    C22REC             1.000      0.000    999.000    999.000
    C24REC             1.000      0.000    999.000    999.000
    C25AREC            1.000      0.000    999.000    999.000
    C29REC             1.000      0.000    999.000    999.000
    C34REC             1.000      0.000    999.000    999.000
    C35REC             1.000      0.000    999.000    999.000
    C36REC             1.000      0.000    999.000    999.000
    C40REC             1.000      0.000    999.000    999.000
    C41REC             1.000      0.000    999.000    999.000

 Means
    THETA           -100.000      0.000    999.000    999.000

 Thresholds
    C1REC$1            1.000      0.000    999.000    999.000
    C2REC$1            1.000      0.000    999.000    999.000
    C3REC$1            1.000      0.000    999.000    999.000
    C4REC$1            1.000      0.000    999.000    999.000
    C5REC$1            1.000      0.000    999.000    999.000
    C6REC$1            1.000      0.000    999.000    999.000
    C11REC$1           1.000      0.000    999.000    999.000
    C17REC$1           1.000      0.000    999.000    999.000
    C19REC$1           1.000      0.000    999.000    999.000
    C20REC$1           1.000      0.000    999.000    999.000
    C22REC$1           1.000      0.000    999.000    999.000
    C24REC$1           1.000      0.000    999.000    999.000
    C25AREC$1          1.000      0.000    999.000    999.000
    C29REC$1           1.000      0.000    999.000    999.000
    C34REC$1           1.000      0.000    999.000    999.000
    C35REC$1           1.000      0.000    999.000    999.000
    C36REC$1           1.000      0.000    999.000    999.000
    C40REC$1           1.000      0.000    999.000    999.000
    C41REC$1           1.000      0.000    999.000    999.000

 Variances
    THETA              0.000      0.000    999.000    999.000

Latent Class 2

 THETA    BY
    C1REC              1.280      0.208      6.157      0.000
    C2REC              0.971      0.173      5.619      0.000
    C3REC              1.002      0.184      5.446      0.000
    C4REC              1.169      0.193      6.042      0.000
    C5REC              0.875      0.180      4.863      0.000
    C6REC              0.933      0.162      5.767      0.000
    C11REC             0.824      0.200      4.116      0.000
    C17REC             1.468      0.336      4.367      0.000
    C19REC             1.135      0.206      5.512      0.000
    C20REC             1.387      0.288      4.816      0.000
    C22REC             0.927      0.243      3.810      0.000
    C24REC             1.408      0.277      5.083      0.000
    C25AREC            1.298      0.224      5.797      0.000
    C29REC             0.969      0.180      5.386      0.000
    C34REC             1.173      0.307      3.826      0.000
    C35REC             1.181      0.259      4.553      0.000
    C36REC             1.842      0.339      5.439      0.000
    C40REC             1.144      0.235      4.875      0.000
    C41REC             0.934      0.191      4.895      0.000

 Means
    THETA              1.804      0.513      3.515      0.000

 Thresholds
    C1REC$1            2.888      0.210     13.760      0.000
    C2REC$1            2.316      0.162     14.337      0.000
    C3REC$1            2.170      0.161     13.511      0.000
    C4REC$1            2.499      0.185     13.544      0.000
    C5REC$1            3.176      0.198     16.032      0.000
    C6REC$1            2.306      0.151     15.284      0.000
    C11REC$1           3.424      0.232     14.756      0.000
    C17REC$1           5.332      0.547      9.741      0.000
    C19REC$1           3.464      0.246     14.087      0.000
    C20REC$1           4.551      0.429     10.607      0.000
    C22REC$1           3.804      0.300     12.681      0.000
    C24REC$1           4.308      0.386     11.155      0.000
    C25AREC$1          3.907      0.292     13.398      0.000
    C29REC$1           2.801      0.186     15.063      0.000
    C34REC$1           4.923      0.475     10.352      0.000
    C35REC$1           4.199      0.346     12.149      0.000
    C36REC$1           5.346      0.544      9.834      0.000
    C40REC$1           4.079      0.322     12.676      0.000
    C41REC$1           3.268      0.216     15.125      0.000

 Variances
    THETA              0.761      0.155      4.907      0.000

Latent Class 3

 THETA    BY
    C1REC              1.280      0.208      6.157      0.000
    C2REC              0.971      0.173      5.619      0.000
    C3REC              1.002      0.184      5.446      0.000
    C4REC              1.169      0.193      6.042      0.000
    C5REC              0.875      0.180      4.863      0.000
    C6REC              0.933      0.162      5.767      0.000
    C11REC             0.824      0.200      4.116      0.000
    C17REC             1.468      0.336      4.367      0.000
    C19REC             1.135      0.206      5.512      0.000
    C20REC             1.387      0.288      4.816      0.000
    C22REC             0.927      0.243      3.810      0.000
    C24REC             1.408      0.277      5.083      0.000
    C25AREC            1.298      0.224      5.797      0.000
    C29REC             0.969      0.180      5.386      0.000
    C34REC             1.173      0.307      3.826      0.000
    C35REC             1.181      0.259      4.553      0.000
    C36REC             1.842      0.339      5.439      0.000
    C40REC             1.144      0.235      4.875      0.000
    C41REC             0.934      0.191      4.895      0.000

 Means
    THETA             -0.132      0.107     -1.235      0.217

 Thresholds
    C1REC$1            2.888      0.210     13.760      0.000
    C2REC$1            2.316      0.162     14.337      0.000
    C3REC$1            2.170      0.161     13.511      0.000
    C4REC$1            2.499      0.185     13.544      0.000
    C5REC$1            3.176      0.198     16.032      0.000
    C6REC$1            2.306      0.151     15.284      0.000
    C11REC$1           3.424      0.232     14.756      0.000
    C17REC$1           5.332      0.547      9.741      0.000
    C19REC$1           3.464      0.246     14.087      0.000
    C20REC$1           4.551      0.429     10.607      0.000
    C22REC$1           3.804      0.300     12.681      0.000
    C24REC$1           4.308      0.386     11.155      0.000
    C25AREC$1          3.907      0.292     13.398      0.000
    C29REC$1           2.801      0.186     15.063      0.000
    C34REC$1           4.923      0.475     10.352      0.000
    C35REC$1           4.199      0.346     12.149      0.000
    C36REC$1           5.346      0.544      9.834      0.000
    C40REC$1           4.079      0.322     12.676      0.000
    C41REC$1           3.268      0.216     15.125      0.000

 Variances
    THETA              0.761      0.155      4.907      0.000

Categorical Latent Variables

 Means
    C#1               -1.993      0.327     -6.099      0.000
    C#2               -2.614      1.025     -2.551      0.011

New/Additional Parameters
    PI1                0.113      0.033      3.421      0.001
    PI2                0.061      0.058      1.040      0.298
    PI3                0.827      0.061     13.467      0.000
    BETA1              2.256      0.276      8.181      0.000
    BETA2              2.385      0.344      6.928      0.000
    BETA3              2.165      0.318      6.803      0.000
    BETA4              2.139      0.269      7.952      0.000
    BETA5              3.631      0.643      5.644      0.000
    BETA6              2.472      0.361      6.839      0.000
    BETA7              4.154      0.857      4.845      0.000
    BETA8              3.632      0.576      6.307      0.000
    BETA9              3.053      0.432      7.067      0.000
    BETA10             3.282      0.460      7.141      0.000
    BETA11             4.101      0.859      4.773      0.000
    BETA12             3.059      0.411      7.447      0.000
    BETA13             3.010      0.391      7.703      0.000
    BETA14             2.891      0.440      6.566      0.000
    BETA15             4.195      0.825      5.085      0.000
    BETA16             3.556      0.592      6.005      0.000
    BETA17             2.902      0.333      8.726      0.000
    BETA18             3.564      0.558      6.388      0.000
    BETA19             3.500      0.598      5.853      0.000


RESULTS IN PROBABILITY SCALE

                    Estimate

Latent Class 1

 C1REC
    Category 1         1.000
    Category 2         0.000
 C2REC
    Category 1         1.000
    Category 2         0.000
 C3REC
    Category 1         1.000
    Category 2         0.000
 C4REC
    Category 1         1.000
    Category 2         0.000
 C5REC
    Category 1         1.000
    Category 2         0.000
 C6REC
    Category 1         1.000
    Category 2         0.000
 C11REC
    Category 1         1.000
    Category 2         0.000
 C17REC
    Category 1         1.000
    Category 2         0.000
 C19REC
    Category 1         1.000
    Category 2         0.000
 C20REC
    Category 1         1.000
    Category 2         0.000
 C22REC
    Category 1         1.000
    Category 2         0.000
 C24REC
    Category 1         1.000
    Category 2         0.000
 C25AREC
    Category 1         1.000
    Category 2         0.000
 C29REC
    Category 1         1.000
    Category 2         0.000
 C34REC
    Category 1         1.000
    Category 2         0.000
 C35REC
    Category 1         1.000
    Category 2         0.000
 C36REC
    Category 1         1.000
    Category 2         0.000
 C40REC
    Category 1         1.000
    Category 2         0.000
 C41REC
    Category 1         1.000
    Category 2         0.000

Latent Class 2

 C1REC
    Category 1         0.614
    Category 2         0.386
 C2REC
    Category 1         0.620
    Category 2         0.380
 C3REC
    Category 1         0.577
    Category 2         0.423
 C4REC
    Category 1         0.580
    Category 2         0.420
 C5REC
    Category 1         0.807
    Category 2         0.193
 C6REC
    Category 1         0.633
    Category 2         0.367
 C11REC
    Category 1         0.854
    Category 2         0.146
 C17REC
    Category 1         0.893
    Category 2         0.107
 C19REC
    Category 1         0.767
    Category 2         0.233
 C20REC
    Category 1         0.836
    Category 2         0.164
 C22REC
    Category 1         0.870
    Category 2         0.130
 C24REC
    Category 1         0.800
    Category 2         0.200
 C25AREC
    Category 1         0.779
    Category 2         0.221
 C29REC
    Category 1         0.714
    Category 2         0.286
 C34REC
    Category 1         0.917
    Category 2         0.083
 C35REC
    Category 1         0.850
    Category 2         0.150
 C36REC
    Category 1         0.805
    Category 2         0.195
 C40REC
    Category 1         0.846
    Category 2         0.154
 C41REC
    Category 1         0.802
    Category 2         0.198

Latent Class 3

 C1REC
    Category 1         0.929
    Category 2         0.071
 C2REC
    Category 1         0.898
    Category 2         0.102
 C3REC
    Category 1         0.884
    Category 2         0.116
 C4REC
    Category 1         0.906
    Category 2         0.094
 C5REC
    Category 1         0.954
    Category 2         0.046
 C6REC
    Category 1         0.898
    Category 2         0.102
 C11REC
    Category 1         0.964
    Category 2         0.036
 C17REC
    Category 1         0.991
    Category 2         0.009
 C19REC
    Category 1         0.960
    Category 2         0.040
 C20REC
    Category 1         0.983
    Category 2         0.017
 C22REC
    Category 1         0.974
    Category 2         0.026
 C24REC
    Category 1         0.978
    Category 2         0.022
 C25AREC
    Category 1         0.971
    Category 2         0.029
 C29REC
    Category 1         0.933
    Category 2         0.067
 C34REC
    Category 1         0.990
    Category 2         0.010
 C35REC
    Category 1         0.979
    Category 2         0.021
 C36REC
    Category 1         0.988
    Category 2         0.012
 C40REC
    Category 1         0.977
    Category 2         0.023
 C41REC
    Category 1         0.957
    Category 2         0.043


QUALITY OF NUMERICAL RESULTS

     Condition Number for the Information Matrix             -0.985E-05
       (ratio of smallest to largest eigenvalue)


TECHNICAL 8 OUTPUT


  INITIAL STAGE ITERATIONS


  TECHNICAL 8 OUTPUT FOR UNPERTURBED STARTING VALUE SET


   E STEP  ITER  LOGLIKELIHOOD    ABS CHANGE   REL CHANGE  ALGORITHM
              1 -0.33240569D+04    0.0000000    0.0000000  EM


  TECHNICAL 8 OUTPUT FOR STARTING VALUE SET 1


   E STEP  ITER  LOGLIKELIHOOD    ABS CHANGE   REL CHANGE  ALGORITHM
              1 -0.55795444D+04    0.0000000    0.0000000  EM


  TECHNICAL 8 OUTPUT FOR STARTING VALUE SET 2


   E STEP  ITER  LOGLIKELIHOOD    ABS CHANGE   REL CHANGE  ALGORITHM
              1 -0.68516307D+04    0.0000000    0.0000000  EM


  TECHNICAL 8 OUTPUT FOR STARTING VALUE SET 3


  TECHNICAL 8 OUTPUT FOR STARTING VALUE SET 4


  TECHNICAL 8 OUTPUT FOR STARTING VALUE SET 5


  TECHNICAL 8 OUTPUT FOR STARTING VALUE SET 6


  TECHNICAL 8 OUTPUT FOR STARTING VALUE SET 7


  TECHNICAL 8 OUTPUT FOR STARTING VALUE SET 8


   E STEP  ITER  LOGLIKELIHOOD    ABS CHANGE   REL CHANGE  ALGORITHM
              1 -0.58301458D+04    0.0000000    0.0000000  EM


  TECHNICAL 8 OUTPUT FOR STARTING VALUE SET 9


  TECHNICAL 8 OUTPUT FOR STARTING VALUE SET 10


  TECHNICAL 8 OUTPUT FOR STARTING VALUE SET 11


  TECHNICAL 8 OUTPUT FOR STARTING VALUE SET 12


  TECHNICAL 8 OUTPUT FOR STARTING VALUE SET 13


  TECHNICAL 8 OUTPUT FOR STARTING VALUE SET 14


  TECHNICAL 8 OUTPUT FOR STARTING VALUE SET 15


  TECHNICAL 8 OUTPUT FOR STARTING VALUE SET 16


  TECHNICAL 8 OUTPUT FOR STARTING VALUE SET 17


  TECHNICAL 8 OUTPUT FOR STARTING VALUE SET 18


  TECHNICAL 8 OUTPUT FOR STARTING VALUE SET 19


  TECHNICAL 8 OUTPUT FOR STARTING VALUE SET 20


  TECHNICAL 8 OUTPUT FOR STARTING VALUE SET 21


  TECHNICAL 8 OUTPUT FOR STARTING VALUE SET 22


  TECHNICAL 8 OUTPUT FOR STARTING VALUE SET 23


   E STEP  ITER  LOGLIKELIHOOD    ABS CHANGE   REL CHANGE  ALGORITHM
              1 -0.74384027D+04    0.0000000    0.0000000  EM


  TECHNICAL 8 OUTPUT FOR STARTING VALUE SET 24


   E STEP  ITER  LOGLIKELIHOOD    ABS CHANGE   REL CHANGE  ALGORITHM
              1 -0.73289501D+04    0.0000000    0.0000000  EM


  TECHNICAL 8 OUTPUT FOR STARTING VALUE SET 25


  TECHNICAL 8 OUTPUT FOR STARTING VALUE SET 26


   E STEP  ITER  LOGLIKELIHOOD    ABS CHANGE   REL CHANGE  ALGORITHM
              1 -0.95787143D+04    0.0000000    0.0000000  EM


  TECHNICAL 8 OUTPUT FOR STARTING VALUE SET 27


  TECHNICAL 8 OUTPUT FOR STARTING VALUE SET 28


   E STEP  ITER  LOGLIKELIHOOD    ABS CHANGE   REL CHANGE  ALGORITHM
              1 -0.55730215D+04    0.0000000    0.0000000  EM


  TECHNICAL 8 OUTPUT FOR STARTING VALUE SET 29


  TECHNICAL 8 OUTPUT FOR STARTING VALUE SET 30


  TECHNICAL 8 OUTPUT FOR STARTING VALUE SET 31


  TECHNICAL 8 OUTPUT FOR STARTING VALUE SET 32


  TECHNICAL 8 OUTPUT FOR STARTING VALUE SET 33


   E STEP  ITER  LOGLIKELIHOOD    ABS CHANGE   REL CHANGE  ALGORITHM
              1 -0.57295182D+04    0.0000000    0.0000000  EM


  TECHNICAL 8 OUTPUT FOR STARTING VALUE SET 34


  TECHNICAL 8 OUTPUT FOR STARTING VALUE SET 35


  TECHNICAL 8 OUTPUT FOR STARTING VALUE SET 36


  TECHNICAL 8 OUTPUT FOR STARTING VALUE SET 37


  TECHNICAL 8 OUTPUT FOR STARTING VALUE SET 38


   E STEP  ITER  LOGLIKELIHOOD    ABS CHANGE   REL CHANGE  ALGORITHM
              1 -0.67222332D+04    0.0000000    0.0000000  EM


  TECHNICAL 8 OUTPUT FOR STARTING VALUE SET 39


  TECHNICAL 8 OUTPUT FOR STARTING VALUE SET 40


   E STEP  ITER  LOGLIKELIHOOD    ABS CHANGE   REL CHANGE  ALGORITHM
              1 -0.98386366D+04    0.0000000    0.0000000  EM


  TECHNICAL 8 OUTPUT FOR STARTING VALUE SET 41


   E STEP  ITER  LOGLIKELIHOOD    ABS CHANGE   REL CHANGE  ALGORITHM
              1 -0.68089388D+04    0.0000000    0.0000000  EM


  TECHNICAL 8 OUTPUT FOR STARTING VALUE SET 42


  TECHNICAL 8 OUTPUT FOR STARTING VALUE SET 43


  TECHNICAL 8 OUTPUT FOR STARTING VALUE SET 44


  TECHNICAL 8 OUTPUT FOR STARTING VALUE SET 45


  TECHNICAL 8 OUTPUT FOR STARTING VALUE SET 46


  TECHNICAL 8 OUTPUT FOR STARTING VALUE SET 47


  TECHNICAL 8 OUTPUT FOR STARTING VALUE SET 48


   E STEP  ITER  LOGLIKELIHOOD    ABS CHANGE   REL CHANGE  ALGORITHM
              1 -0.82233238D+04    0.0000000    0.0000000  EM


  TECHNICAL 8 OUTPUT FOR STARTING VALUE SET 49


  TECHNICAL 8 OUTPUT FOR STARTING VALUE SET 50


  TECHNICAL 8 OUTPUT FOR STARTING VALUE SET 51


  TECHNICAL 8 OUTPUT FOR STARTING VALUE SET 52


  TECHNICAL 8 OUTPUT FOR STARTING VALUE SET 53


  TECHNICAL 8 OUTPUT FOR STARTING VALUE SET 54


  TECHNICAL 8 OUTPUT FOR STARTING VALUE SET 55


  TECHNICAL 8 OUTPUT FOR STARTING VALUE SET 56


   E STEP  ITER  LOGLIKELIHOOD    ABS CHANGE   REL CHANGE  ALGORITHM
              1 -0.66909254D+04    0.0000000    0.0000000  EM


  TECHNICAL 8 OUTPUT FOR STARTING VALUE SET 57


  TECHNICAL 8 OUTPUT FOR STARTING VALUE SET 58


   E STEP  ITER  LOGLIKELIHOOD    ABS CHANGE   REL CHANGE  ALGORITHM
              1 -0.65159879D+04    0.0000000    0.0000000  EM


  TECHNICAL 8 OUTPUT FOR STARTING VALUE SET 59


  TECHNICAL 8 OUTPUT FOR STARTING VALUE SET 60


  TECHNICAL 8 OUTPUT FOR STARTING VALUE SET 61


  TECHNICAL 8 OUTPUT FOR STARTING VALUE SET 62


  TECHNICAL 8 OUTPUT FOR STARTING VALUE SET 63


  TECHNICAL 8 OUTPUT FOR STARTING VALUE SET 64


   E STEP  ITER  LOGLIKELIHOOD    ABS CHANGE   REL CHANGE  ALGORITHM
              1 -0.68251183D+04    0.0000000    0.0000000  EM


  TECHNICAL 8 OUTPUT FOR STARTING VALUE SET 65


   E STEP  ITER  LOGLIKELIHOOD    ABS CHANGE   REL CHANGE  ALGORITHM
              1 -0.92058711D+04    0.0000000    0.0000000  EM


  TECHNICAL 8 OUTPUT FOR STARTING VALUE SET 66


   E STEP  ITER  LOGLIKELIHOOD    ABS CHANGE   REL CHANGE  ALGORITHM
              1 -0.80192276D+04    0.0000000    0.0000000  EM


  TECHNICAL 8 OUTPUT FOR STARTING VALUE SET 67


  TECHNICAL 8 OUTPUT FOR STARTING VALUE SET 68


  TECHNICAL 8 OUTPUT FOR STARTING VALUE SET 69


  TECHNICAL 8 OUTPUT FOR STARTING VALUE SET 70


  TECHNICAL 8 OUTPUT FOR STARTING VALUE SET 71


   E STEP  ITER  LOGLIKELIHOOD    ABS CHANGE   REL CHANGE  ALGORITHM
              1 -0.83776282D+04    0.0000000    0.0000000  EM


  TECHNICAL 8 OUTPUT FOR STARTING VALUE SET 72


  TECHNICAL 8 OUTPUT FOR STARTING VALUE SET 73


   E STEP  ITER  LOGLIKELIHOOD    ABS CHANGE   REL CHANGE  ALGORITHM
              1 -0.90376305D+04    0.0000000    0.0000000  EM


  TECHNICAL 8 OUTPUT FOR STARTING VALUE SET 74


   E STEP  ITER  LOGLIKELIHOOD    ABS CHANGE   REL CHANGE  ALGORITHM
              1 -0.13555119D+05    0.0000000    0.0000000  EM


  TECHNICAL 8 OUTPUT FOR STARTING VALUE SET 75


  TECHNICAL 8 OUTPUT FOR STARTING VALUE SET 76


   E STEP  ITER  LOGLIKELIHOOD    ABS CHANGE   REL CHANGE  ALGORITHM
              1 -0.11793073D+05    0.0000000    0.0000000  EM


  TECHNICAL 8 OUTPUT FOR STARTING VALUE SET 77


  TECHNICAL 8 OUTPUT FOR STARTING VALUE SET 78


  TECHNICAL 8 OUTPUT FOR STARTING VALUE SET 79


  TECHNICAL 8 OUTPUT FOR STARTING VALUE SET 80


   E STEP  ITER  LOGLIKELIHOOD    ABS CHANGE   REL CHANGE  ALGORITHM
              1 -0.91837391D+04    0.0000000    0.0000000  EM


  TECHNICAL 8 OUTPUT FOR STARTING VALUE SET 81


  TECHNICAL 8 OUTPUT FOR STARTING VALUE SET 82


  TECHNICAL 8 OUTPUT FOR STARTING VALUE SET 83


   E STEP  ITER  LOGLIKELIHOOD    ABS CHANGE   REL CHANGE  ALGORITHM
              1 -0.14107406D+05    0.0000000    0.0000000  EM


  TECHNICAL 8 OUTPUT FOR STARTING VALUE SET 84


  TECHNICAL 8 OUTPUT FOR STARTING VALUE SET 85


  TECHNICAL 8 OUTPUT FOR STARTING VALUE SET 86


  TECHNICAL 8 OUTPUT FOR STARTING VALUE SET 87


  TECHNICAL 8 OUTPUT FOR STARTING VALUE SET 88


   E STEP  ITER  LOGLIKELIHOOD    ABS CHANGE   REL CHANGE  ALGORITHM
              1 -0.55608029D+04    0.0000000    0.0000000  EM


  TECHNICAL 8 OUTPUT FOR STARTING VALUE SET 89


  TECHNICAL 8 OUTPUT FOR STARTING VALUE SET 90


  TECHNICAL 8 OUTPUT FOR STARTING VALUE SET 91


  TECHNICAL 8 OUTPUT FOR STARTING VALUE SET 92


  TECHNICAL 8 OUTPUT FOR STARTING VALUE SET 93


  TECHNICAL 8 OUTPUT FOR STARTING VALUE SET 94


  TECHNICAL 8 OUTPUT FOR STARTING VALUE SET 95


   E STEP  ITER  LOGLIKELIHOOD    ABS CHANGE   REL CHANGE  ALGORITHM
              1 -0.58528849D+04    0.0000000    0.0000000  EM


  TECHNICAL 8 OUTPUT FOR STARTING VALUE SET 96


  TECHNICAL 8 OUTPUT FOR STARTING VALUE SET 97


  TECHNICAL 8 OUTPUT FOR STARTING VALUE SET 98


  TECHNICAL 8 OUTPUT FOR STARTING VALUE SET 99


  TECHNICAL 8 OUTPUT FOR STARTING VALUE SET 100


  TECHNICAL 8 OUTPUT FOR STARTING VALUE SET 101


  TECHNICAL 8 OUTPUT FOR STARTING VALUE SET 102


   E STEP  ITER  LOGLIKELIHOOD    ABS CHANGE   REL CHANGE  ALGORITHM
              1 -0.73766625D+04    0.0000000    0.0000000  EM


  TECHNICAL 8 OUTPUT FOR STARTING VALUE SET 103


  TECHNICAL 8 OUTPUT FOR STARTING VALUE SET 104


  TECHNICAL 8 OUTPUT FOR STARTING VALUE SET 105


   E STEP  ITER  LOGLIKELIHOOD    ABS CHANGE   REL CHANGE  ALGORITHM
              1 -0.73662615D+04    0.0000000    0.0000000  EM


  TECHNICAL 8 OUTPUT FOR STARTING VALUE SET 106


  TECHNICAL 8 OUTPUT FOR STARTING VALUE SET 107


   E STEP  ITER  LOGLIKELIHOOD    ABS CHANGE   REL CHANGE  ALGORITHM
              1 -0.68268107D+04    0.0000000    0.0000000  EM


  TECHNICAL 8 OUTPUT FOR STARTING VALUE SET 108


   E STEP  ITER  LOGLIKELIHOOD    ABS CHANGE   REL CHANGE  ALGORITHM
              1 -0.10442243D+05    0.0000000    0.0000000  EM


  TECHNICAL 8 OUTPUT FOR STARTING VALUE SET 109


  TECHNICAL 8 OUTPUT FOR STARTING VALUE SET 110


  TECHNICAL 8 OUTPUT FOR STARTING VALUE SET 111


  TECHNICAL 8 OUTPUT FOR STARTING VALUE SET 112


  TECHNICAL 8 OUTPUT FOR STARTING VALUE SET 113


  TECHNICAL 8 OUTPUT FOR STARTING VALUE SET 114


  TECHNICAL 8 OUTPUT FOR STARTING VALUE SET 115


  TECHNICAL 8 OUTPUT FOR STARTING VALUE SET 116


  TECHNICAL 8 OUTPUT FOR STARTING VALUE SET 117


  TECHNICAL 8 OUTPUT FOR STARTING VALUE SET 118


  TECHNICAL 8 OUTPUT FOR STARTING VALUE SET 119


  TECHNICAL 8 OUTPUT FOR STARTING VALUE SET 120


   E STEP  ITER  LOGLIKELIHOOD    ABS CHANGE   REL CHANGE  ALGORITHM
              1 -0.14842655D+05    0.0000000    0.0000000  EM


  TECHNICAL 8 OUTPUT FOR STARTING VALUE SET 121


  TECHNICAL 8 OUTPUT FOR STARTING VALUE SET 122


  TECHNICAL 8 OUTPUT FOR STARTING VALUE SET 123


   E STEP  ITER  LOGLIKELIHOOD    ABS CHANGE   REL CHANGE  ALGORITHM
              1 -0.10540645D+05    0.0000000    0.0000000  EM


  TECHNICAL 8 OUTPUT FOR STARTING VALUE SET 124


  TECHNICAL 8 OUTPUT FOR STARTING VALUE SET 125


   E STEP  ITER  LOGLIKELIHOOD    ABS CHANGE   REL CHANGE  ALGORITHM
              1 -0.65726215D+04    0.0000000    0.0000000  EM


  TECHNICAL 8 OUTPUT FOR STARTING VALUE SET 126


  TECHNICAL 8 OUTPUT FOR STARTING VALUE SET 127


   E STEP  ITER  LOGLIKELIHOOD    ABS CHANGE   REL CHANGE  ALGORITHM
              1 -0.63718896D+04    0.0000000    0.0000000  EM


  TECHNICAL 8 OUTPUT FOR STARTING VALUE SET 128


   E STEP  ITER  LOGLIKELIHOOD    ABS CHANGE   REL CHANGE  ALGORITHM
              1 -0.51385676D+04    0.0000000    0.0000000  EM


  TECHNICAL 8 OUTPUT FOR STARTING VALUE SET 129


  TECHNICAL 8 OUTPUT FOR STARTING VALUE SET 130


   E STEP  ITER  LOGLIKELIHOOD    ABS CHANGE   REL CHANGE  ALGORITHM
              1 -0.10055034D+05    0.0000000    0.0000000  EM


  TECHNICAL 8 OUTPUT FOR STARTING VALUE SET 131


   E STEP  ITER  LOGLIKELIHOOD    ABS CHANGE   REL CHANGE  ALGORITHM
              1 -0.33215635D+05    0.0000000    0.0000000  EM


  TECHNICAL 8 OUTPUT FOR STARTING VALUE SET 132


  TECHNICAL 8 OUTPUT FOR STARTING VALUE SET 133


   E STEP  ITER  LOGLIKELIHOOD    ABS CHANGE   REL CHANGE  ALGORITHM
              1 -0.77297492D+04    0.0000000    0.0000000  EM


  TECHNICAL 8 OUTPUT FOR STARTING VALUE SET 134


  TECHNICAL 8 OUTPUT FOR STARTING VALUE SET 135


   E STEP  ITER  LOGLIKELIHOOD    ABS CHANGE   REL CHANGE  ALGORITHM
              1 -0.62575643D+04    0.0000000    0.0000000  EM


  TECHNICAL 8 OUTPUT FOR STARTING VALUE SET 136


   E STEP  ITER  LOGLIKELIHOOD    ABS CHANGE   REL CHANGE  ALGORITHM
              1 -0.52488732D+04    0.0000000    0.0000000  EM


  TECHNICAL 8 OUTPUT FOR STARTING VALUE SET 137


  TECHNICAL 8 OUTPUT FOR STARTING VALUE SET 138


  TECHNICAL 8 OUTPUT FOR STARTING VALUE SET 139


   E STEP  ITER  LOGLIKELIHOOD    ABS CHANGE   REL CHANGE  ALGORITHM
              1 -0.59223835D+04    0.0000000    0.0000000  EM


  TECHNICAL 8 OUTPUT FOR STARTING VALUE SET 140


  TECHNICAL 8 OUTPUT FOR STARTING VALUE SET 141


   E STEP  ITER  LOGLIKELIHOOD    ABS CHANGE   REL CHANGE  ALGORITHM
              1 -0.55743250D+04    0.0000000    0.0000000  EM


  TECHNICAL 8 OUTPUT FOR STARTING VALUE SET 142


  TECHNICAL 8 OUTPUT FOR STARTING VALUE SET 143


   E STEP  ITER  LOGLIKELIHOOD    ABS CHANGE   REL CHANGE  ALGORITHM
              1 -0.10569856D+05    0.0000000    0.0000000  EM


  TECHNICAL 8 OUTPUT FOR STARTING VALUE SET 144


  TECHNICAL 8 OUTPUT FOR STARTING VALUE SET 145


   E STEP  ITER  LOGLIKELIHOOD    ABS CHANGE   REL CHANGE  ALGORITHM
              1 -0.59560634D+04    0.0000000    0.0000000  EM


  TECHNICAL 8 OUTPUT FOR STARTING VALUE SET 146


   E STEP  ITER  LOGLIKELIHOOD    ABS CHANGE   REL CHANGE  ALGORITHM
              1 -0.75180831D+04    0.0000000    0.0000000  EM


  TECHNICAL 8 OUTPUT FOR STARTING VALUE SET 147


   E STEP  ITER  LOGLIKELIHOOD    ABS CHANGE   REL CHANGE  ALGORITHM
              1 -0.64888938D+04    0.0000000    0.0000000  EM


  TECHNICAL 8 OUTPUT FOR STARTING VALUE SET 148


  TECHNICAL 8 OUTPUT FOR STARTING VALUE SET 149


  TECHNICAL 8 OUTPUT FOR STARTING VALUE SET 150


  TECHNICAL 8 OUTPUT FOR STARTING VALUE SET 151


   E STEP  ITER  LOGLIKELIHOOD    ABS CHANGE   REL CHANGE  ALGORITHM
              1 -0.56992859D+04    0.0000000    0.0000000  EM


  TECHNICAL 8 OUTPUT FOR STARTING VALUE SET 152


   E STEP  ITER  LOGLIKELIHOOD    ABS CHANGE   REL CHANGE  ALGORITHM
              1 -0.16297074D+05    0.0000000    0.0000000  EM


  TECHNICAL 8 OUTPUT FOR STARTING VALUE SET 153


  TECHNICAL 8 OUTPUT FOR STARTING VALUE SET 154


   E STEP  ITER  LOGLIKELIHOOD    ABS CHANGE   REL CHANGE  ALGORITHM
              1 -0.69522838D+04    0.0000000    0.0000000  EM


  TECHNICAL 8 OUTPUT FOR STARTING VALUE SET 155


  TECHNICAL 8 OUTPUT FOR STARTING VALUE SET 156


  TECHNICAL 8 OUTPUT FOR STARTING VALUE SET 157


  TECHNICAL 8 OUTPUT FOR STARTING VALUE SET 158


  TECHNICAL 8 OUTPUT FOR STARTING VALUE SET 159


  TECHNICAL 8 OUTPUT FOR STARTING VALUE SET 160


  TECHNICAL 8 OUTPUT FOR STARTING VALUE SET 161


  TECHNICAL 8 OUTPUT FOR STARTING VALUE SET 162


   E STEP  ITER  LOGLIKELIHOOD    ABS CHANGE   REL CHANGE  ALGORITHM
              1 -0.19126884D+05    0.0000000    0.0000000  EM


  TECHNICAL 8 OUTPUT FOR STARTING VALUE SET 163


   E STEP  ITER  LOGLIKELIHOOD    ABS CHANGE   REL CHANGE  ALGORITHM
              1 -0.11239454D+05    0.0000000    0.0000000  EM


  TECHNICAL 8 OUTPUT FOR STARTING VALUE SET 164


  TECHNICAL 8 OUTPUT FOR STARTING VALUE SET 165


  TECHNICAL 8 OUTPUT FOR STARTING VALUE SET 166


  TECHNICAL 8 OUTPUT FOR STARTING VALUE SET 167


   E STEP  ITER  LOGLIKELIHOOD    ABS CHANGE   REL CHANGE  ALGORITHM
              1 -0.86682909D+04    0.0000000    0.0000000  EM


  TECHNICAL 8 OUTPUT FOR STARTING VALUE SET 168


  TECHNICAL 8 OUTPUT FOR STARTING VALUE SET 169


  TECHNICAL 8 OUTPUT FOR STARTING VALUE SET 170


  TECHNICAL 8 OUTPUT FOR STARTING VALUE SET 171


  TECHNICAL 8 OUTPUT FOR STARTING VALUE SET 172


  TECHNICAL 8 OUTPUT FOR STARTING VALUE SET 173


   E STEP  ITER  LOGLIKELIHOOD    ABS CHANGE   REL CHANGE  ALGORITHM
              1 -0.66920351D+04    0.0000000    0.0000000  EM


  TECHNICAL 8 OUTPUT FOR STARTING VALUE SET 174


  TECHNICAL 8 OUTPUT FOR STARTING VALUE SET 175


  TECHNICAL 8 OUTPUT FOR STARTING VALUE SET 176


  TECHNICAL 8 OUTPUT FOR STARTING VALUE SET 177


  TECHNICAL 8 OUTPUT FOR STARTING VALUE SET 178


  TECHNICAL 8 OUTPUT FOR STARTING VALUE SET 179


  TECHNICAL 8 OUTPUT FOR STARTING VALUE SET 180


   E STEP  ITER  LOGLIKELIHOOD    ABS CHANGE   REL CHANGE  ALGORITHM
              1 -0.72811208D+04    0.0000000    0.0000000  EM


  TECHNICAL 8 OUTPUT FOR STARTING VALUE SET 181


  TECHNICAL 8 OUTPUT FOR STARTING VALUE SET 182


  TECHNICAL 8 OUTPUT FOR STARTING VALUE SET 183


  TECHNICAL 8 OUTPUT FOR STARTING VALUE SET 184


  TECHNICAL 8 OUTPUT FOR STARTING VALUE SET 185


  TECHNICAL 8 OUTPUT FOR STARTING VALUE SET 186


  TECHNICAL 8 OUTPUT FOR STARTING VALUE SET 187


   E STEP  ITER  LOGLIKELIHOOD    ABS CHANGE   REL CHANGE  ALGORITHM
              1 -0.98208406D+04    0.0000000    0.0000000  EM


  TECHNICAL 8 OUTPUT FOR STARTING VALUE SET 188


  TECHNICAL 8 OUTPUT FOR STARTING VALUE SET 189


   E STEP  ITER  LOGLIKELIHOOD    ABS CHANGE   REL CHANGE  ALGORITHM
              1 -0.56668094D+04    0.0000000    0.0000000  EM


  TECHNICAL 8 OUTPUT FOR STARTING VALUE SET 190


  TECHNICAL 8 OUTPUT FOR STARTING VALUE SET 191


  TECHNICAL 8 OUTPUT FOR STARTING VALUE SET 192


   E STEP  ITER  LOGLIKELIHOOD    ABS CHANGE   REL CHANGE  ALGORITHM
              1 -0.10286608D+05    0.0000000    0.0000000  EM


  TECHNICAL 8 OUTPUT FOR STARTING VALUE SET 193


  TECHNICAL 8 OUTPUT FOR STARTING VALUE SET 194


  TECHNICAL 8 OUTPUT FOR STARTING VALUE SET 195


  TECHNICAL 8 OUTPUT FOR STARTING VALUE SET 196


  TECHNICAL 8 OUTPUT FOR STARTING VALUE SET 197


  TECHNICAL 8 OUTPUT FOR STARTING VALUE SET 198


   E STEP  ITER  LOGLIKELIHOOD    ABS CHANGE   REL CHANGE  ALGORITHM
              1 -0.66492452D+04    0.0000000    0.0000000  EM


  TECHNICAL 8 OUTPUT FOR STARTING VALUE SET 199


  TECHNICAL 8 OUTPUT FOR STARTING VALUE SET 200


  TECHNICAL 8 OUTPUT FOR STARTING VALUE SET 201


   E STEP  ITER  LOGLIKELIHOOD    ABS CHANGE   REL CHANGE  ALGORITHM
              1 -0.68941330D+04    0.0000000    0.0000000  EM


  TECHNICAL 8 OUTPUT FOR STARTING VALUE SET 202


  TECHNICAL 8 OUTPUT FOR STARTING VALUE SET 203


  TECHNICAL 8 OUTPUT FOR STARTING VALUE SET 204


  TECHNICAL 8 OUTPUT FOR STARTING VALUE SET 205


  TECHNICAL 8 OUTPUT FOR STARTING VALUE SET 206


  TECHNICAL 8 OUTPUT FOR STARTING VALUE SET 207


  TECHNICAL 8 OUTPUT FOR STARTING VALUE SET 208


  TECHNICAL 8 OUTPUT FOR STARTING VALUE SET 209


  TECHNICAL 8 OUTPUT FOR STARTING VALUE SET 210


   E STEP  ITER  LOGLIKELIHOOD    ABS CHANGE   REL CHANGE  ALGORITHM
              1 -0.63586335D+04    0.0000000    0.0000000  EM


  TECHNICAL 8 OUTPUT FOR STARTING VALUE SET 211


   E STEP  ITER  LOGLIKELIHOOD    ABS CHANGE   REL CHANGE  ALGORITHM
              1 -0.12471124D+05    0.0000000    0.0000000  EM


  TECHNICAL 8 OUTPUT FOR STARTING VALUE SET 212


  TECHNICAL 8 OUTPUT FOR STARTING VALUE SET 213


  TECHNICAL 8 OUTPUT FOR STARTING VALUE SET 214


  TECHNICAL 8 OUTPUT FOR STARTING VALUE SET 215


   E STEP  ITER  LOGLIKELIHOOD    ABS CHANGE   REL CHANGE  ALGORITHM
              1 -0.65012426D+04    0.0000000    0.0000000  EM


  TECHNICAL 8 OUTPUT FOR STARTING VALUE SET 216


  TECHNICAL 8 OUTPUT FOR STARTING VALUE SET 217


   E STEP  ITER  LOGLIKELIHOOD    ABS CHANGE   REL CHANGE  ALGORITHM
              1 -0.65115627D+04    0.0000000    0.0000000  EM


  TECHNICAL 8 OUTPUT FOR STARTING VALUE SET 218


  TECHNICAL 8 OUTPUT FOR STARTING VALUE SET 219


  TECHNICAL 8 OUTPUT FOR STARTING VALUE SET 220


  TECHNICAL 8 OUTPUT FOR STARTING VALUE SET 221


   E STEP  ITER  LOGLIKELIHOOD    ABS CHANGE   REL CHANGE  ALGORITHM
              1 -0.11762084D+05    0.0000000    0.0000000  EM


  TECHNICAL 8 OUTPUT FOR STARTING VALUE SET 222


  TECHNICAL 8 OUTPUT FOR STARTING VALUE SET 223


  TECHNICAL 8 OUTPUT FOR STARTING VALUE SET 224


   E STEP  ITER  LOGLIKELIHOOD    ABS CHANGE   REL CHANGE  ALGORITHM
              1 -0.59700938D+04    0.0000000    0.0000000  EM


  TECHNICAL 8 OUTPUT FOR STARTING VALUE SET 225


  TECHNICAL 8 OUTPUT FOR STARTING VALUE SET 226


  TECHNICAL 8 OUTPUT FOR STARTING VALUE SET 227


  TECHNICAL 8 OUTPUT FOR STARTING VALUE SET 228


  TECHNICAL 8 OUTPUT FOR STARTING VALUE SET 229


  TECHNICAL 8 OUTPUT FOR STARTING VALUE SET 230


  TECHNICAL 8 OUTPUT FOR STARTING VALUE SET 231


  TECHNICAL 8 OUTPUT FOR STARTING VALUE SET 232


  TECHNICAL 8 OUTPUT FOR STARTING VALUE SET 233


   E STEP  ITER  LOGLIKELIHOOD    ABS CHANGE   REL CHANGE  ALGORITHM
              1 -0.60620143D+04    0.0000000    0.0000000  EM


  TECHNICAL 8 OUTPUT FOR STARTING VALUE SET 234


  TECHNICAL 8 OUTPUT FOR STARTING VALUE SET 235


  TECHNICAL 8 OUTPUT FOR STARTING VALUE SET 236


  TECHNICAL 8 OUTPUT FOR STARTING VALUE SET 237


  TECHNICAL 8 OUTPUT FOR STARTING VALUE SET 238


  TECHNICAL 8 OUTPUT FOR STARTING VALUE SET 239


   E STEP  ITER  LOGLIKELIHOOD    ABS CHANGE   REL CHANGE  ALGORITHM
              1 -0.63133099D+04    0.0000000    0.0000000  EM


  TECHNICAL 8 OUTPUT FOR STARTING VALUE SET 240


   E STEP  ITER  LOGLIKELIHOOD    ABS CHANGE   REL CHANGE  ALGORITHM
              1 -0.79310502D+04    0.0000000    0.0000000  EM


  TECHNICAL 8 OUTPUT FOR STARTING VALUE SET 241


  TECHNICAL 8 OUTPUT FOR STARTING VALUE SET 242


  TECHNICAL 8 OUTPUT FOR STARTING VALUE SET 243


  TECHNICAL 8 OUTPUT FOR STARTING VALUE SET 244


  TECHNICAL 8 OUTPUT FOR STARTING VALUE SET 245


  TECHNICAL 8 OUTPUT FOR STARTING VALUE SET 246


   E STEP  ITER  LOGLIKELIHOOD    ABS CHANGE   REL CHANGE  ALGORITHM
              1 -0.62711702D+04    0.0000000    0.0000000  EM


  TECHNICAL 8 OUTPUT FOR STARTING VALUE SET 247


  TECHNICAL 8 OUTPUT FOR STARTING VALUE SET 248


  TECHNICAL 8 OUTPUT FOR STARTING VALUE SET 249


  TECHNICAL 8 OUTPUT FOR STARTING VALUE SET 250


   E STEP  ITER  LOGLIKELIHOOD    ABS CHANGE   REL CHANGE  ALGORITHM
              1 -0.58919370D+04    0.0000000    0.0000000  EM


  TECHNICAL 8 OUTPUT FOR STARTING VALUE SET 251


  TECHNICAL 8 OUTPUT FOR STARTING VALUE SET 252


   E STEP  ITER  LOGLIKELIHOOD    ABS CHANGE   REL CHANGE  ALGORITHM
              1 -0.12145628D+05    0.0000000    0.0000000  EM


  TECHNICAL 8 OUTPUT FOR STARTING VALUE SET 253


  TECHNICAL 8 OUTPUT FOR STARTING VALUE SET 254


  TECHNICAL 8 OUTPUT FOR STARTING VALUE SET 255


   E STEP  ITER  LOGLIKELIHOOD    ABS CHANGE   REL CHANGE  ALGORITHM
              1 -0.69193804D+04    0.0000000    0.0000000  EM


  TECHNICAL 8 OUTPUT FOR STARTING VALUE SET 256


   E STEP  ITER  LOGLIKELIHOOD    ABS CHANGE   REL CHANGE  ALGORITHM
              1 -0.17344283D+05    0.0000000    0.0000000  EM


  TECHNICAL 8 OUTPUT FOR STARTING VALUE SET 257


  TECHNICAL 8 OUTPUT FOR STARTING VALUE SET 258


   E STEP  ITER  LOGLIKELIHOOD    ABS CHANGE   REL CHANGE  ALGORITHM
              1 -0.55992086D+04    0.0000000    0.0000000  EM


  TECHNICAL 8 OUTPUT FOR STARTING VALUE SET 259


  TECHNICAL 8 OUTPUT FOR STARTING VALUE SET 260


  TECHNICAL 8 OUTPUT FOR STARTING VALUE SET 261


  TECHNICAL 8 OUTPUT FOR STARTING VALUE SET 262


   E STEP  ITER  LOGLIKELIHOOD    ABS CHANGE   REL CHANGE  ALGORITHM
              1 -0.68767398D+04    0.0000000    0.0000000  EM


  TECHNICAL 8 OUTPUT FOR STARTING VALUE SET 263


  TECHNICAL 8 OUTPUT FOR STARTING VALUE SET 264


   E STEP  ITER  LOGLIKELIHOOD    ABS CHANGE   REL CHANGE  ALGORITHM
              1 -0.92974714D+04    0.0000000    0.0000000  EM


  TECHNICAL 8 OUTPUT FOR STARTING VALUE SET 265


  TECHNICAL 8 OUTPUT FOR STARTING VALUE SET 266


  TECHNICAL 8 OUTPUT FOR STARTING VALUE SET 267


  TECHNICAL 8 OUTPUT FOR STARTING VALUE SET 268


  TECHNICAL 8 OUTPUT FOR STARTING VALUE SET 269


   E STEP  ITER  LOGLIKELIHOOD    ABS CHANGE   REL CHANGE  ALGORITHM
              1 -0.64425365D+04    0.0000000    0.0000000  EM


  TECHNICAL 8 OUTPUT FOR STARTING VALUE SET 270


  TECHNICAL 8 OUTPUT FOR STARTING VALUE SET 271


   E STEP  ITER  LOGLIKELIHOOD    ABS CHANGE   REL CHANGE  ALGORITHM
              1 -0.81793185D+04    0.0000000    0.0000000  EM


  TECHNICAL 8 OUTPUT FOR STARTING VALUE SET 272


  TECHNICAL 8 OUTPUT FOR STARTING VALUE SET 273


  TECHNICAL 8 OUTPUT FOR STARTING VALUE SET 274


  TECHNICAL 8 OUTPUT FOR STARTING VALUE SET 275


   E STEP  ITER  LOGLIKELIHOOD    ABS CHANGE   REL CHANGE  ALGORITHM
              1 -0.10886169D+05    0.0000000    0.0000000  EM


  TECHNICAL 8 OUTPUT FOR STARTING VALUE SET 276


  TECHNICAL 8 OUTPUT FOR STARTING VALUE SET 277


  TECHNICAL 8 OUTPUT FOR STARTING VALUE SET 278


   E STEP  ITER  LOGLIKELIHOOD    ABS CHANGE   REL CHANGE  ALGORITHM
              1 -0.82833118D+04    0.0000000    0.0000000  EM


  TECHNICAL 8 OUTPUT FOR STARTING VALUE SET 279


   E STEP  ITER  LOGLIKELIHOOD    ABS CHANGE   REL CHANGE  ALGORITHM
              1 -0.92594292D+04    0.0000000    0.0000000  EM


  TECHNICAL 8 OUTPUT FOR STARTING VALUE SET 280


  TECHNICAL 8 OUTPUT FOR STARTING VALUE SET 281


  TECHNICAL 8 OUTPUT FOR STARTING VALUE SET 282


  TECHNICAL 8 OUTPUT FOR STARTING VALUE SET 283


  TECHNICAL 8 OUTPUT FOR STARTING VALUE SET 284


  TECHNICAL 8 OUTPUT FOR STARTING VALUE SET 285


  TECHNICAL 8 OUTPUT FOR STARTING VALUE SET 286


   E STEP  ITER  LOGLIKELIHOOD    ABS CHANGE   REL CHANGE  ALGORITHM
              1 -0.56581856D+04    0.0000000    0.0000000  EM


  TECHNICAL 8 OUTPUT FOR STARTING VALUE SET 287


  TECHNICAL 8 OUTPUT FOR STARTING VALUE SET 288


   E STEP  ITER  LOGLIKELIHOOD    ABS CHANGE   REL CHANGE  ALGORITHM
              1 -0.72673035D+04    0.0000000    0.0000000  EM


  TECHNICAL 8 OUTPUT FOR STARTING VALUE SET 289


  TECHNICAL 8 OUTPUT FOR STARTING VALUE SET 290


  TECHNICAL 8 OUTPUT FOR STARTING VALUE SET 291


  TECHNICAL 8 OUTPUT FOR STARTING VALUE SET 292


  TECHNICAL 8 OUTPUT FOR STARTING VALUE SET 293


   E STEP  ITER  LOGLIKELIHOOD    ABS CHANGE   REL CHANGE  ALGORITHM
              1 -0.54841319D+04    0.0000000    0.0000000  EM


  TECHNICAL 8 OUTPUT FOR STARTING VALUE SET 294


  TECHNICAL 8 OUTPUT FOR STARTING VALUE SET 295


  TECHNICAL 8 OUTPUT FOR STARTING VALUE SET 296


  TECHNICAL 8 OUTPUT FOR STARTING VALUE SET 297


  TECHNICAL 8 OUTPUT FOR STARTING VALUE SET 298


  TECHNICAL 8 OUTPUT FOR STARTING VALUE SET 299


  TECHNICAL 8 OUTPUT FOR STARTING VALUE SET 300


  TECHNICAL 8 OUTPUT FOR STARTING VALUE SET 301


  TECHNICAL 8 OUTPUT FOR STARTING VALUE SET 302


  TECHNICAL 8 OUTPUT FOR STARTING VALUE SET 303


  TECHNICAL 8 OUTPUT FOR STARTING VALUE SET 304


   E STEP  ITER  LOGLIKELIHOOD    ABS CHANGE   REL CHANGE  ALGORITHM
              1 -0.59127712D+04    0.0000000    0.0000000  EM


  TECHNICAL 8 OUTPUT FOR STARTING VALUE SET 305


  TECHNICAL 8 OUTPUT FOR STARTING VALUE SET 306


  TECHNICAL 8 OUTPUT FOR STARTING VALUE SET 307


  TECHNICAL 8 OUTPUT FOR STARTING VALUE SET 308


  TECHNICAL 8 OUTPUT FOR STARTING VALUE SET 309


  TECHNICAL 8 OUTPUT FOR STARTING VALUE SET 310


   E STEP  ITER  LOGLIKELIHOOD    ABS CHANGE   REL CHANGE  ALGORITHM
              1 -0.82976351D+04    0.0000000    0.0000000  EM


  TECHNICAL 8 OUTPUT FOR STARTING VALUE SET 311


  TECHNICAL 8 OUTPUT FOR STARTING VALUE SET 312


   E STEP  ITER  LOGLIKELIHOOD    ABS CHANGE   REL CHANGE  ALGORITHM
              1 -0.75803247D+04    0.0000000    0.0000000  EM


  TECHNICAL 8 OUTPUT FOR STARTING VALUE SET 313


   E STEP  ITER  LOGLIKELIHOOD    ABS CHANGE   REL CHANGE  ALGORITHM
              1 -0.68298012D+04    0.0000000    0.0000000  EM


  TECHNICAL 8 OUTPUT FOR STARTING VALUE SET 314


   E STEP  ITER  LOGLIKELIHOOD    ABS CHANGE   REL CHANGE  ALGORITHM
              1 -0.59073707D+04    0.0000000    0.0000000  EM


  TECHNICAL 8 OUTPUT FOR STARTING VALUE SET 315


  TECHNICAL 8 OUTPUT FOR STARTING VALUE SET 316


   E STEP  ITER  LOGLIKELIHOOD    ABS CHANGE   REL CHANGE  ALGORITHM
              1 -0.97510498D+04    0.0000000    0.0000000  EM


  TECHNICAL 8 OUTPUT FOR STARTING VALUE SET 317


  TECHNICAL 8 OUTPUT FOR STARTING VALUE SET 318


   E STEP  ITER  LOGLIKELIHOOD    ABS CHANGE   REL CHANGE  ALGORITHM
              1 -0.89939067D+04    0.0000000    0.0000000  EM


  TECHNICAL 8 OUTPUT FOR STARTING VALUE SET 319


  TECHNICAL 8 OUTPUT FOR STARTING VALUE SET 320


  TECHNICAL 8 OUTPUT FOR STARTING VALUE SET 321


   E STEP  ITER  LOGLIKELIHOOD    ABS CHANGE   REL CHANGE  ALGORITHM
              1 -0.87773802D+04    0.0000000    0.0000000  EM


  TECHNICAL 8 OUTPUT FOR STARTING VALUE SET 322


   E STEP  ITER  LOGLIKELIHOOD    ABS CHANGE   REL CHANGE  ALGORITHM
              1 -0.70663250D+04    0.0000000    0.0000000  EM


  TECHNICAL 8 OUTPUT FOR STARTING VALUE SET 323


  TECHNICAL 8 OUTPUT FOR STARTING VALUE SET 324


  TECHNICAL 8 OUTPUT FOR STARTING VALUE SET 325


   E STEP  ITER  LOGLIKELIHOOD    ABS CHANGE   REL CHANGE  ALGORITHM
              1 -0.19892895D+05    0.0000000    0.0000000  EM


  TECHNICAL 8 OUTPUT FOR STARTING VALUE SET 326


  TECHNICAL 8 OUTPUT FOR STARTING VALUE SET 327


   E STEP  ITER  LOGLIKELIHOOD    ABS CHANGE   REL CHANGE  ALGORITHM
              1 -0.17249038D+05    0.0000000    0.0000000  EM


  TECHNICAL 8 OUTPUT FOR STARTING VALUE SET 328


  TECHNICAL 8 OUTPUT FOR STARTING VALUE SET 329


   E STEP  ITER  LOGLIKELIHOOD    ABS CHANGE   REL CHANGE  ALGORITHM
              1 -0.66803781D+04    0.0000000    0.0000000  EM


  TECHNICAL 8 OUTPUT FOR STARTING VALUE SET 330


  TECHNICAL 8 OUTPUT FOR STARTING VALUE SET 331


  TECHNICAL 8 OUTPUT FOR STARTING VALUE SET 332


  TECHNICAL 8 OUTPUT FOR STARTING VALUE SET 333


  TECHNICAL 8 OUTPUT FOR STARTING VALUE SET 334


   E STEP  ITER  LOGLIKELIHOOD    ABS CHANGE   REL CHANGE  ALGORITHM
              1 -0.62682341D+04    0.0000000    0.0000000  EM


  TECHNICAL 8 OUTPUT FOR STARTING VALUE SET 335


  TECHNICAL 8 OUTPUT FOR STARTING VALUE SET 336


   E STEP  ITER  LOGLIKELIHOOD    ABS CHANGE   REL CHANGE  ALGORITHM
              1 -0.73670452D+04    0.0000000    0.0000000  EM


  TECHNICAL 8 OUTPUT FOR STARTING VALUE SET 337


   E STEP  ITER  LOGLIKELIHOOD    ABS CHANGE   REL CHANGE  ALGORITHM
              1 -0.10690863D+05    0.0000000    0.0000000  EM


  TECHNICAL 8 OUTPUT FOR STARTING VALUE SET 338


  TECHNICAL 8 OUTPUT FOR STARTING VALUE SET 339


  TECHNICAL 8 OUTPUT FOR STARTING VALUE SET 340


   E STEP  ITER  LOGLIKELIHOOD    ABS CHANGE   REL CHANGE  ALGORITHM
              1 -0.64065462D+04    0.0000000    0.0000000  EM


  TECHNICAL 8 OUTPUT FOR STARTING VALUE SET 341


  TECHNICAL 8 OUTPUT FOR STARTING VALUE SET 342


   E STEP  ITER  LOGLIKELIHOOD    ABS CHANGE   REL CHANGE  ALGORITHM
              1 -0.76458734D+04    0.0000000    0.0000000  EM


  TECHNICAL 8 OUTPUT FOR STARTING VALUE SET 343


  TECHNICAL 8 OUTPUT FOR STARTING VALUE SET 344


   E STEP  ITER  LOGLIKELIHOOD    ABS CHANGE   REL CHANGE  ALGORITHM
              1 -0.67131972D+04    0.0000000    0.0000000  EM


  TECHNICAL 8 OUTPUT FOR STARTING VALUE SET 345


  TECHNICAL 8 OUTPUT FOR STARTING VALUE SET 346


  TECHNICAL 8 OUTPUT FOR STARTING VALUE SET 347


  TECHNICAL 8 OUTPUT FOR STARTING VALUE SET 348


  TECHNICAL 8 OUTPUT FOR STARTING VALUE SET 349


  TECHNICAL 8 OUTPUT FOR STARTING VALUE SET 350


  TECHNICAL 8 OUTPUT FOR STARTING VALUE SET 351


  TECHNICAL 8 OUTPUT FOR STARTING VALUE SET 352


  TECHNICAL 8 OUTPUT FOR STARTING VALUE SET 353


  TECHNICAL 8 OUTPUT FOR STARTING VALUE SET 354


   E STEP  ITER  LOGLIKELIHOOD    ABS CHANGE   REL CHANGE  ALGORITHM
              1 -0.69414530D+04    0.0000000    0.0000000  EM


  TECHNICAL 8 OUTPUT FOR STARTING VALUE SET 355


   E STEP  ITER  LOGLIKELIHOOD    ABS CHANGE   REL CHANGE  ALGORITHM
              1 -0.60253985D+04    0.0000000    0.0000000  EM


  TECHNICAL 8 OUTPUT FOR STARTING VALUE SET 356


  TECHNICAL 8 OUTPUT FOR STARTING VALUE SET 357


   E STEP  ITER  LOGLIKELIHOOD    ABS CHANGE   REL CHANGE  ALGORITHM
              1 -0.10265749D+05    0.0000000    0.0000000  EM


  TECHNICAL 8 OUTPUT FOR STARTING VALUE SET 358


  TECHNICAL 8 OUTPUT FOR STARTING VALUE SET 359


  TECHNICAL 8 OUTPUT FOR STARTING VALUE SET 360


  TECHNICAL 8 OUTPUT FOR STARTING VALUE SET 361


  TECHNICAL 8 OUTPUT FOR STARTING VALUE SET 362


  TECHNICAL 8 OUTPUT FOR STARTING VALUE SET 363


  TECHNICAL 8 OUTPUT FOR STARTING VALUE SET 364


   E STEP  ITER  LOGLIKELIHOOD    ABS CHANGE   REL CHANGE  ALGORITHM
              1 -0.87307146D+04    0.0000000    0.0000000  EM


  TECHNICAL 8 OUTPUT FOR STARTING VALUE SET 365


  TECHNICAL 8 OUTPUT FOR STARTING VALUE SET 366


  TECHNICAL 8 OUTPUT FOR STARTING VALUE SET 367


  TECHNICAL 8 OUTPUT FOR STARTING VALUE SET 368


  TECHNICAL 8 OUTPUT FOR STARTING VALUE SET 369


   E STEP  ITER  LOGLIKELIHOOD    ABS CHANGE   REL CHANGE  ALGORITHM
              1 -0.75037299D+04    0.0000000    0.0000000  EM


  TECHNICAL 8 OUTPUT FOR STARTING VALUE SET 370


   E STEP  ITER  LOGLIKELIHOOD    ABS CHANGE   REL CHANGE  ALGORITHM
              1 -0.61913494D+04    0.0000000    0.0000000  EM


  TECHNICAL 8 OUTPUT FOR STARTING VALUE SET 371


   E STEP  ITER  LOGLIKELIHOOD    ABS CHANGE   REL CHANGE  ALGORITHM
              1 -0.80304609D+04    0.0000000    0.0000000  EM


  TECHNICAL 8 OUTPUT FOR STARTING VALUE SET 372


  TECHNICAL 8 OUTPUT FOR STARTING VALUE SET 373


  TECHNICAL 8 OUTPUT FOR STARTING VALUE SET 374


  TECHNICAL 8 OUTPUT FOR STARTING VALUE SET 375


   E STEP  ITER  LOGLIKELIHOOD    ABS CHANGE   REL CHANGE  ALGORITHM
              1 -0.80946165D+04    0.0000000    0.0000000  EM


  TECHNICAL 8 OUTPUT FOR STARTING VALUE SET 376


   E STEP  ITER  LOGLIKELIHOOD    ABS CHANGE   REL CHANGE  ALGORITHM
              1 -0.47638975D+04    0.0000000    0.0000000  EM


  TECHNICAL 8 OUTPUT FOR STARTING VALUE SET 377


  TECHNICAL 8 OUTPUT FOR STARTING VALUE SET 378


   E STEP  ITER  LOGLIKELIHOOD    ABS CHANGE   REL CHANGE  ALGORITHM
              1 -0.76370655D+04    0.0000000    0.0000000  EM


  TECHNICAL 8 OUTPUT FOR STARTING VALUE SET 379


  TECHNICAL 8 OUTPUT FOR STARTING VALUE SET 380


  TECHNICAL 8 OUTPUT FOR STARTING VALUE SET 381


  TECHNICAL 8 OUTPUT FOR STARTING VALUE SET 382


  TECHNICAL 8 OUTPUT FOR STARTING VALUE SET 383


  TECHNICAL 8 OUTPUT FOR STARTING VALUE SET 384


  TECHNICAL 8 OUTPUT FOR STARTING VALUE SET 385


  TECHNICAL 8 OUTPUT FOR STARTING VALUE SET 386


  TECHNICAL 8 OUTPUT FOR STARTING VALUE SET 387


  TECHNICAL 8 OUTPUT FOR STARTING VALUE SET 388


   E STEP  ITER  LOGLIKELIHOOD    ABS CHANGE   REL CHANGE  ALGORITHM
              1 -0.61581856D+04    0.0000000    0.0000000  EM


  TECHNICAL 8 OUTPUT FOR STARTING VALUE SET 389


  TECHNICAL 8 OUTPUT FOR STARTING VALUE SET 390


   E STEP  ITER  LOGLIKELIHOOD    ABS CHANGE   REL CHANGE  ALGORITHM
              1 -0.63272465D+04    0.0000000    0.0000000  EM


  TECHNICAL 8 OUTPUT FOR STARTING VALUE SET 391


  TECHNICAL 8 OUTPUT FOR STARTING VALUE SET 392


  TECHNICAL 8 OUTPUT FOR STARTING VALUE SET 393


  TECHNICAL 8 OUTPUT FOR STARTING VALUE SET 394


  TECHNICAL 8 OUTPUT FOR STARTING VALUE SET 395


  TECHNICAL 8 OUTPUT FOR STARTING VALUE SET 396


  TECHNICAL 8 OUTPUT FOR STARTING VALUE SET 397


  TECHNICAL 8 OUTPUT FOR STARTING VALUE SET 398


  TECHNICAL 8 OUTPUT FOR STARTING VALUE SET 399


  TECHNICAL 8 OUTPUT FOR STARTING VALUE SET 400


  FINAL STAGE ITERATIONS


  TECHNICAL 8 OUTPUT FOR UNPERTURBED STARTING VALUE SET




   E STEP  ITER  LOGLIKELIHOOD    ABS CHANGE   REL CHANGE  ALGORITHM
              1 -0.33240569D+04    0.0000000    0.0000000  EM


  TECHNICAL 8 OUTPUT FOR STARTING VALUE SET 120




   E STEP  ITER  LOGLIKELIHOOD    ABS CHANGE   REL CHANGE  ALGORITHM
              1 -0.14842655D+05    0.0000000    0.0000000  EM


  TECHNICAL 8 OUTPUT FOR STARTING VALUE SET 162




   E STEP  ITER  LOGLIKELIHOOD    ABS CHANGE   REL CHANGE  ALGORITHM
              1 -0.19126884D+05    0.0000000    0.0000000  EM


  TECHNICAL 8 OUTPUT FOR STARTING VALUE SET 240




   E STEP  ITER  LOGLIKELIHOOD    ABS CHANGE   REL CHANGE  ALGORITHM
              1 -0.79310502D+04    0.0000000    0.0000000  EM


  TECHNICAL 8 OUTPUT FOR STARTING VALUE SET 133




   E STEP  ITER  LOGLIKELIHOOD    ABS CHANGE   REL CHANGE  ALGORITHM
              1 -0.77297492D+04    0.0000000    0.0000000  EM


  TECHNICAL 8 OUTPUT FOR STARTING VALUE SET 304




   E STEP  ITER  LOGLIKELIHOOD    ABS CHANGE   REL CHANGE  ALGORITHM
              1 -0.59127712D+04    0.0000000    0.0000000  EM


  TECHNICAL 8 OUTPUT FOR STARTING VALUE SET 187




   E STEP  ITER  LOGLIKELIHOOD    ABS CHANGE   REL CHANGE  ALGORITHM
              1 -0.98208406D+04    0.0000000    0.0000000  EM


  TECHNICAL 8 OUTPUT FOR STARTING VALUE SET 376




   E STEP  ITER  LOGLIKELIHOOD    ABS CHANGE   REL CHANGE  ALGORITHM
              1 -0.47638975D+04    0.0000000    0.0000000  EM


  TECHNICAL 8 OUTPUT FOR STARTING VALUE SET 83




   E STEP  ITER  LOGLIKELIHOOD    ABS CHANGE   REL CHANGE  ALGORITHM
              1 -0.14107406D+05    0.0000000    0.0000000  EM


  TECHNICAL 8 OUTPUT FOR STARTING VALUE SET 128




   E STEP  ITER  LOGLIKELIHOOD    ABS CHANGE   REL CHANGE  ALGORITHM
              1 -0.51385676D+04    0.0000000    0.0000000  EM


  TECHNICAL 8 OUTPUT FOR STARTING VALUE SET 269




   E STEP  ITER  LOGLIKELIHOOD    ABS CHANGE   REL CHANGE  ALGORITHM
              1 -0.64425365D+04    0.0000000    0.0000000  EM


  TECHNICAL 8 OUTPUT FOR STARTING VALUE SET 136




   E STEP  ITER  LOGLIKELIHOOD    ABS CHANGE   REL CHANGE  ALGORITHM
              1 -0.52488732D+04    0.0000000    0.0000000  EM


  TECHNICAL 8 OUTPUT FOR STARTING VALUE SET 293




   E STEP  ITER  LOGLIKELIHOOD    ABS CHANGE   REL CHANGE  ALGORITHM
              1 -0.54841319D+04    0.0000000    0.0000000  EM


  TECHNICAL 8 OUTPUT FOR STARTING VALUE SET 262




   E STEP  ITER  LOGLIKELIHOOD    ABS CHANGE   REL CHANGE  ALGORITHM
              1 -0.68767398D+04    0.0000000    0.0000000  EM


  TECHNICAL 8 OUTPUT FOR STARTING VALUE SET 88




   E STEP  ITER  LOGLIKELIHOOD    ABS CHANGE   REL CHANGE  ALGORITHM
              1 -0.55608029D+04    0.0000000    0.0000000  EM


  TECHNICAL 8 OUTPUT FOR STARTING VALUE SET 28




   E STEP  ITER  LOGLIKELIHOOD    ABS CHANGE   REL CHANGE  ALGORITHM
              1 -0.55730215D+04    0.0000000    0.0000000  EM


  TECHNICAL 8 OUTPUT FOR STARTING VALUE SET 141




   E STEP  ITER  LOGLIKELIHOOD    ABS CHANGE   REL CHANGE  ALGORITHM
              1 -0.55743250D+04    0.0000000    0.0000000  EM


  TECHNICAL 8 OUTPUT FOR STARTING VALUE SET 1




   E STEP  ITER  LOGLIKELIHOOD    ABS CHANGE   REL CHANGE  ALGORITHM
              1 -0.55795444D+04    0.0000000    0.0000000  EM


  TECHNICAL 8 OUTPUT FOR STARTING VALUE SET 258




   E STEP  ITER  LOGLIKELIHOOD    ABS CHANGE   REL CHANGE  ALGORITHM
              1 -0.55992086D+04    0.0000000    0.0000000  EM


  TECHNICAL 8 OUTPUT FOR STARTING VALUE SET 286




   E STEP  ITER  LOGLIKELIHOOD    ABS CHANGE   REL CHANGE  ALGORITHM
              1 -0.56581856D+04    0.0000000    0.0000000  EM


  TECHNICAL 8 OUTPUT FOR STARTING VALUE SET 189




   E STEP  ITER  LOGLIKELIHOOD    ABS CHANGE   REL CHANGE  ALGORITHM
              1 -0.56668094D+04    0.0000000    0.0000000  EM


  TECHNICAL 8 OUTPUT FOR STARTING VALUE SET 151




   E STEP  ITER  LOGLIKELIHOOD    ABS CHANGE   REL CHANGE  ALGORITHM
              1 -0.56992859D+04    0.0000000    0.0000000  EM


  TECHNICAL 8 OUTPUT FOR STARTING VALUE SET 33




   E STEP  ITER  LOGLIKELIHOOD    ABS CHANGE   REL CHANGE  ALGORITHM
              1 -0.57295182D+04    0.0000000    0.0000000  EM


  TECHNICAL 8 OUTPUT FOR STARTING VALUE SET 8




   E STEP  ITER  LOGLIKELIHOOD    ABS CHANGE   REL CHANGE  ALGORITHM
              1 -0.58301458D+04    0.0000000    0.0000000  EM


  TECHNICAL 8 OUTPUT FOR STARTING VALUE SET 95




   E STEP  ITER  LOGLIKELIHOOD    ABS CHANGE   REL CHANGE  ALGORITHM
              1 -0.58528849D+04    0.0000000    0.0000000  EM


  TECHNICAL 8 OUTPUT FOR STARTING VALUE SET 250




   E STEP  ITER  LOGLIKELIHOOD    ABS CHANGE   REL CHANGE  ALGORITHM
              1 -0.58919370D+04    0.0000000    0.0000000  EM


  TECHNICAL 8 OUTPUT FOR STARTING VALUE SET 139




   E STEP  ITER  LOGLIKELIHOOD    ABS CHANGE   REL CHANGE  ALGORITHM
              1 -0.59223835D+04    0.0000000    0.0000000  EM


  TECHNICAL 8 OUTPUT FOR STARTING VALUE SET 145




   E STEP  ITER  LOGLIKELIHOOD    ABS CHANGE   REL CHANGE  ALGORITHM
              1 -0.59560634D+04    0.0000000    0.0000000  EM


  TECHNICAL 8 OUTPUT FOR STARTING VALUE SET 224




   E STEP  ITER  LOGLIKELIHOOD    ABS CHANGE   REL CHANGE  ALGORITHM
              1 -0.59700938D+04    0.0000000    0.0000000  EM


  TECHNICAL 8 OUTPUT FOR STARTING VALUE SET 355




   E STEP  ITER  LOGLIKELIHOOD    ABS CHANGE   REL CHANGE  ALGORITHM
              1 -0.60253985D+04    0.0000000    0.0000000  EM


  TECHNICAL 8 OUTPUT FOR STARTING VALUE SET 233




   E STEP  ITER  LOGLIKELIHOOD    ABS CHANGE   REL CHANGE  ALGORITHM
              1 -0.60620143D+04    0.0000000    0.0000000  EM


  TECHNICAL 8 OUTPUT FOR STARTING VALUE SET 288




   E STEP  ITER  LOGLIKELIHOOD    ABS CHANGE   REL CHANGE  ALGORITHM
              1 -0.72673035D+04    0.0000000    0.0000000  EM


  TECHNICAL 8 OUTPUT FOR STARTING VALUE SET 388




   E STEP  ITER  LOGLIKELIHOOD    ABS CHANGE   REL CHANGE  ALGORITHM
              1 -0.61581856D+04    0.0000000    0.0000000  EM


  TECHNICAL 8 OUTPUT FOR STARTING VALUE SET 370




   E STEP  ITER  LOGLIKELIHOOD    ABS CHANGE   REL CHANGE  ALGORITHM
              1 -0.61913494D+04    0.0000000    0.0000000  EM


  TECHNICAL 8 OUTPUT FOR STARTING VALUE SET 135




   E STEP  ITER  LOGLIKELIHOOD    ABS CHANGE   REL CHANGE  ALGORITHM
              1 -0.62575643D+04    0.0000000    0.0000000  EM


  TECHNICAL 8 OUTPUT FOR STARTING VALUE SET 334




   E STEP  ITER  LOGLIKELIHOOD    ABS CHANGE   REL CHANGE  ALGORITHM
              1 -0.62682341D+04    0.0000000    0.0000000  EM


  TECHNICAL 8 OUTPUT FOR STARTING VALUE SET 246




   E STEP  ITER  LOGLIKELIHOOD    ABS CHANGE   REL CHANGE  ALGORITHM
              1 -0.62711702D+04    0.0000000    0.0000000  EM


  TECHNICAL 8 OUTPUT FOR STARTING VALUE SET 211




   E STEP  ITER  LOGLIKELIHOOD    ABS CHANGE   REL CHANGE  ALGORITHM
              1 -0.12471124D+05    0.0000000    0.0000000  EM


  TECHNICAL 8 OUTPUT FOR STARTING VALUE SET 239




   E STEP  ITER  LOGLIKELIHOOD    ABS CHANGE   REL CHANGE  ALGORITHM
              1 -0.63133099D+04    0.0000000    0.0000000  EM


  TECHNICAL 8 OUTPUT FOR STARTING VALUE SET 390




   E STEP  ITER  LOGLIKELIHOOD    ABS CHANGE   REL CHANGE  ALGORITHM
              1 -0.63272465D+04    0.0000000    0.0000000  EM


PLOT INFORMATION

The following plots are available:

  Sample proportions and estimated probabilities
  Item characteristic curves
  Information curves

     Beginning Time:  16:24:25
        Ending Time:  16:27:54
       Elapsed Time:  00:03:29



MUTHEN & MUTHEN
3463 Stoner Ave.
Los Angeles, CA  90066

Tel: (310) 391-9971
Fax: (310) 391-8971
Web: www.StatModel.com
Support: Support@StatModel.com

Copyright (c) 1998-2019 Muthen & Muthen
